== Phase 69 pipeline start ==
rules: /data/data/com.termux/files/home/Voynich/Phase67p/out/p67p_rules_compact.tsv
segs:  /data/data/com.termux/files/home/Voynich/Phase58/out/p58_segments.tsv
== Python check ==
python: 3.12.11
numpy: 2.2.5 ok: True
== Phase 69: validation ==
rules: /data/data/com.termux/files/home/Voynich/Phase67p/out/p67p_rules_compact.tsv
segments: /data/data/com.termux/files/home/Voynich/Phase58/out/p58_segments.tsv
n_rules=109  coverage=0.793  acc_on_cov=0.724  overall=0.574
Wrote:
  /data/data/com.termux/files/home/Voynich/Phase69/out/p69_rules_final.tsv
  /data/data/com.termux/files/home/Voynich/Phase69/out/p69_rules_final.json
  /data/data/com.termux/files/home/Voynich/Phase69/out/p69_summary.json
  /data/data/com.termux/files/home/Voynich/Phase69/out/p69_doc.md
== Head: summary ==
{
  "inputs": {
    "rules_tsv": "/data/data/com.termux/files/home/Voynich/Phase67p/out/p67p_rules_compact.tsv",
    "segments": "/data/data/com.termux/files/home/Voynich/Phase58/out/p58_segments.tsv"
  },
  "hashes": {
    "rules_tsv_sha256": "ec3f491957ced64446026173bfcd3bc2efdce95b8f84b7a8fbd959817bb2e829",
    "segments_sha256": "9aa399f275133102a7dd554a8ecc3d7310aecaa4f81199b489f2329815f361de"
  },
  "counts": {
    "n_rules": 109,
    "n_items": 900
  },
  "metrics": {
    "n_items": 900,
    "n_pred": 714,
    "n_correct": 517,
    "coverage": 0.7933333333333333,
    "acc_on_covered": 0.7240896358543417,
    "overall_accuracy": 0.5744444444444444
  },
  "frozen_outputs": {
    "final_rules_tsv": "/data/data/com.termux/files/home/Voynich/Phase69/out/p69_rules_final.tsv",
    "final_rules_json": "/data/data/com.termux/files/home/Voynich/Phase69/out/p69_rules_final.json",
    "doc_md": "/data/data/com.termux/files/home/Voynich/Phase69/out/p69_doc.md"
  },
  "validated": true
}== Head: doc ==
# Phase 69 — Final Rulebook (Frozen)

## Metrics
- n_items: **900**
- coverage: **0.793**  
- acc_on_covered: **0.724**  
- overall_accuracy: **0.574**

## Leaders by Support (top 20)
- prefix:o:right: support=210, precision=0.786
- suffix:h:right: support=145, precision=0.641
- pair:|h:right: support=145, precision=0.641
- chargram:he:left: support=84, precision=0.762
- suffix:ch:right: support=80, precision=0.650
- prefix:c:left: support=66, precision=0.667
- pair:|che:left: support=66, precision=0.530
- suffix:k:left: support=66, precision=0.470
- suffix:c:right: support=60, precision=0.967
- pair:|c:right: support=60, precision=0.967
- suffix:che:left: support=55, precision=0.618
- chargram:tc:right: support=48, precision=0.917
- prefix:d:right: support=48, precision=0.771
- suffix:t:right: support=48, precision=0.771
- chargram:ke:left: support=48, precision=0.750
- prefix:d:left: support=48, precision=0.229
- suffix:he:left: support=45, precision=0.800
- chargram:ok:left: support=44, precision=0.591
- pair:o|h:right: support=42, precision=0.833
- chargram:che:left: support=42, precision=0.714

## Leaders by Precision (support ≥ 6)
- suffix:c:right: precision=0.967, support=60
- pair:|c:right: precision=0.967, support=60
- chargram:tc:right: precision=0.917, support=48
- pair:o|h:right: precision=0.833, support=42
- suffix:he:left: precision=0.800, support=45
- prefix:o:right: precision=0.786, support=210
- prefix:d:right: precision=0.771, support=48
- suffix:t:right: precision=0.771, support=48
- chargram:he:left: precision=0.762, support=84
- chargram:ke:left: precision=0.750, support=48
- chargram:che:left: precision=0.714, support=42
- prefix:c:left: precision=0.667, support=66
- suffix:ch:right: precision=0.650, support=80
- suffix:h:right: precision=0.641, support=145
- pair:|h:right: precision=0.641, support=145
- suffix:che:left: precision=0.618, support=55
- chargram:ok:left: precision=0.591, support=44
- pair:|che:left: precision=0.530, support=66
- suffix:k:left: precision=0.470, support=66
- prefix:d:left: precision=0.229, support=48
[ok] Phase 69 complete. See /data/data/com.termux/files/home/Voynich/Phase69/out/p69_run.log
